2025-07-14 20:56:56,937 - __main__ - INFO - Hệ thống Blockchain Bank đã khởi động.
2025-07-14 20:56:56,937 - __main__ - INFO - Đảm bảo thư mục ví 'wallets' tồn tại.
2025-07-14 20:56:56,937 - blockchain_core.block - INFO - Bắt đầu đào block #0 với độ khó 2 (prefix: '00')...
2025-07-14 20:56:56,939 - blockchain_core.block - INFO - Đã đào thành công block #0 với nonce 296, hash: 006c8892e4...
2025-07-14 20:56:56,939 - blockchain_core.blockchain - INFO - Genesis Block được tạo: 006c8892e4...
2025-07-14 20:56:56,940 - blockchain_core.blockchain - INFO - Blockchain mới được khởi tạo với độ khó: 2. Genesis Block đã được tạo.
2025-07-14 20:56:56,940 - __main__ - INFO - Đang cố gắng tải blockchain từ 'my_blockchain.json'.
2025-07-14 20:56:56,941 - blockchain_core.block - INFO - Bắt đầu đào block #0 với độ khó 2 (prefix: '00')...
2025-07-14 20:56:56,942 - blockchain_core.block - INFO - Đã đào thành công block #0 với nonce 5, hash: 009d94344a...
2025-07-14 20:56:56,942 - blockchain_core.block - INFO - Bắt đầu đào block #1 với độ khó 2 (prefix: '00')...
2025-07-14 20:56:56,942 - blockchain_core.block - INFO - Đã đào thành công block #1 với nonce 191, hash: 00569bcabb...
2025-07-14 20:56:56,942 - blockchain_core.block - INFO - Bắt đầu đào block #2 với độ khó 2 (prefix: '00')...
2025-07-14 20:56:56,942 - blockchain_core.block - INFO - Đã đào thành công block #2 với nonce 645, hash: 004006bb87...
2025-07-14 20:56:56,942 - blockchain_core.blockchain - INFO - Đã tải blockchain từ 'my_blockchain.json' và kiểm tra thành công.
2025-07-14 20:56:56,942 - blockchain_core.blockchain - INFO - Bắt đầu kiểm tra tính hợp lệ của chuỗi...
2025-07-14 20:56:56,963 - blockchain_core.blockchain - INFO - Kiểm tra chuỗi thành công: Blockchain hợp lệ.
2025-07-14 20:56:56,963 - __main__ - INFO - Kiểm tra và tải hoặc tạo các ví mẫu.
2025-07-14 20:56:56,965 - blockchain_core.wallet - INFO - Ví đã được lưu vào 'wallets\alice_wallet.json'.
2025-07-14 20:56:56,965 - __main__ - INFO - Đã tạo và lưu ví Alice mới tại 'wallets\alice_wallet.json'.
2025-07-14 20:56:56,967 - blockchain_core.wallet - INFO - Ví đã được lưu vào 'wallets\bob_wallet.json'.
2025-07-14 20:56:56,967 - __main__ - INFO - Đã tạo và lưu ví Bob mới tại 'wallets\bob_wallet.json'.
2025-07-14 20:56:56,969 - blockchain_core.wallet - INFO - Ví đã được lưu vào 'wallets\charlie_wallet.json'.
2025-07-14 20:56:56,969 - __main__ - INFO - Đã tạo và lưu ví Charlie mới tại 'wallets\charlie_wallet.json'.
2025-07-14 20:56:56,969 - blockchain_core.smartContract - INFO - Thông tin ví Alice: Địa chỉ RIPEMD160: dca39d3a60...
2025-07-14 20:56:56,970 - blockchain_core.smartContract - INFO - Thông tin ví Bob: Địa chỉ RIPEMD160: ca7c7ed5b3...
2025-07-14 20:56:56,970 - blockchain_core.smartContract - INFO - Thông tin ví Charlie: Địa chỉ RIPEMD160: dae7fbca05...
2025-07-14 20:56:56,970 - __main__ - INFO - --- Khởi tạo số dư ban đầu cho Alice (Giả lập) ---
2025-07-14 20:56:56,970 - __main__ - INFO - Đã thêm giao dịch cấp 100 ETH cho Alice (giả lập) vào pool.
2025-07-14 20:56:56,970 - __main__ - INFO - --- Đào Block đầu tiên để xác nhận giao dịch cấp tiền ---
2025-07-14 20:56:56,970 - blockchain_core.block - INFO - Bắt đầu đào block #3 với độ khó 2 (prefix: '00')...
2025-07-14 20:56:56,973 - blockchain_core.block - INFO - Đã đào thành công block #3 với nonce 260, hash: 00358c4cf6...
2025-07-14 20:56:56,973 - blockchain_core.blockchain - INFO - Block mới #3 đã được đào bởi Miner_A_Ad... với hash: 00358c4cf6... Chứa 1 giao dịch.
2025-07-14 20:56:56,973 - __main__ - INFO - --- Hiển thị số dư hiện tại ---
2025-07-14 20:56:56,973 - __main__ - INFO - Số dư của Alice (UdI2HuwxU9...): 100 ETH
2025-07-14 20:56:56,973 - __main__ - INFO - Số dư của Bob (JMAxAMgEr1...): 0 ETH
2025-07-14 20:57:31,581 - __main__ - INFO - Hệ thống Blockchain Bank đã khởi động.
2025-07-14 20:57:31,582 - __main__ - INFO - Đảm bảo thư mục ví 'wallets' tồn tại.
2025-07-14 20:57:31,582 - blockchain_core.block - INFO - Bắt đầu đào block #0 với độ khó 2 (prefix: '00')...
2025-07-14 20:57:31,584 - blockchain_core.block - INFO - Đã đào thành công block #0 với nonce 52, hash: 008841369b...
2025-07-14 20:57:31,584 - blockchain_core.blockchain - INFO - Genesis Block được tạo: 008841369b...
2025-07-14 20:57:31,584 - blockchain_core.blockchain - INFO - Blockchain mới được khởi tạo với độ khó: 2. Genesis Block đã được tạo.
2025-07-14 20:57:31,584 - __main__ - INFO - Đang cố gắng tải blockchain từ 'my_blockchain.json'.
2025-07-14 20:57:31,587 - blockchain_core.block - INFO - Bắt đầu đào block #0 với độ khó 2 (prefix: '00')...
2025-07-14 20:57:31,588 - blockchain_core.block - INFO - Đã đào thành công block #0 với nonce 5, hash: 009d94344a...
2025-07-14 20:57:31,588 - blockchain_core.block - INFO - Bắt đầu đào block #1 với độ khó 2 (prefix: '00')...
2025-07-14 20:57:31,588 - blockchain_core.block - INFO - Đã đào thành công block #1 với nonce 191, hash: 00569bcabb...
2025-07-14 20:57:31,589 - blockchain_core.block - INFO - Bắt đầu đào block #2 với độ khó 2 (prefix: '00')...
2025-07-14 20:57:31,589 - blockchain_core.block - INFO - Đã đào thành công block #2 với nonce 645, hash: 004006bb87...
2025-07-14 20:57:31,589 - blockchain_core.blockchain - INFO - Đã tải blockchain từ 'my_blockchain.json' và kiểm tra thành công.
2025-07-14 20:57:31,589 - blockchain_core.blockchain - INFO - Bắt đầu kiểm tra tính hợp lệ của chuỗi...
2025-07-14 20:57:31,615 - blockchain_core.blockchain - INFO - Kiểm tra chuỗi thành công: Blockchain hợp lệ.
2025-07-14 20:57:31,616 - __main__ - INFO - Kiểm tra và tải hoặc tạo các ví mẫu.
2025-07-14 20:57:31,617 - blockchain_core.wallet - INFO - Ví đã được tải từ 'wallets\alice_wallet.json'.
2025-07-14 20:57:31,617 - __main__ - INFO - Đã tải ví Alice từ 'wallets\alice_wallet.json'.
2025-07-14 20:57:31,619 - blockchain_core.wallet - INFO - Ví đã được tải từ 'wallets\bob_wallet.json'.
2025-07-14 20:57:31,619 - __main__ - INFO - Đã tải ví Bob từ 'wallets\bob_wallet.json'.
2025-07-14 20:57:31,621 - blockchain_core.wallet - INFO - Ví đã được tải từ 'wallets\charlie_wallet.json'.
2025-07-14 20:57:31,621 - __main__ - INFO - Đã tải ví Charlie từ 'wallets\charlie_wallet.json'.
2025-07-14 20:57:31,621 - blockchain_core.smartContract - INFO - Thông tin ví Alice: Địa chỉ RIPEMD160: dca39d3a60...
2025-07-14 20:57:31,621 - blockchain_core.smartContract - INFO - Thông tin ví Bob: Địa chỉ RIPEMD160: ca7c7ed5b3...
2025-07-14 20:57:31,621 - blockchain_core.smartContract - INFO - Thông tin ví Charlie: Địa chỉ RIPEMD160: dae7fbca05...
2025-07-14 20:57:31,621 - __main__ - INFO - --- Khởi tạo số dư ban đầu cho Alice (Giả lập) ---
2025-07-14 20:57:31,622 - __main__ - INFO - Đã thêm giao dịch cấp 100 ETH cho Alice (giả lập) vào pool.
2025-07-14 20:57:31,622 - __main__ - INFO - --- Đào Block đầu tiên để xác nhận giao dịch cấp tiền ---
2025-07-14 20:57:31,622 - blockchain_core.block - INFO - Bắt đầu đào block #3 với độ khó 2 (prefix: '00')...
2025-07-14 20:57:31,630 - blockchain_core.block - INFO - Đã đào thành công block #3 với nonce 525, hash: 00c6bff602...
2025-07-14 20:57:31,630 - blockchain_core.blockchain - INFO - Block mới #3 đã được đào bởi Miner_A_Ad... với hash: 00c6bff602... Chứa 1 giao dịch.
2025-07-14 20:57:31,630 - __main__ - INFO - --- Hiển thị số dư hiện tại ---
2025-07-14 20:57:31,630 - __main__ - INFO - Số dư của Alice (UdI2HuwxU9...): 100 ETH
2025-07-14 20:57:31,630 - __main__ - INFO - Số dư của Bob (JMAxAMgEr1...): 0 ETH
2025-07-14 20:57:31,631 - __main__ - INFO - Số dư của Charlie (Qt5shuPWGZ...): 0 ETH
2025-07-14 20:57:31,631 - __main__ - INFO - --- Tạo giao dịch: UdI2HuwxU9... gửi 10 ETH tới JMAxAMgEr1... ---
2025-07-14 20:57:31,636 - blockchain_core.blockchain - INFO - Giao dịch từ UdI2HuwxU9... đến JMAxAMgEr1... với số tiền 10 đã được thêm vào pool. (Hiện có 1 giao dịch chờ xử lý)
2025-07-14 20:57:31,637 - __main__ - INFO - Giao dịch 'Alice gửi 10 cho Bob' đã được thêm vào pool.
2025-07-14 20:57:31,637 - __main__ - INFO - --- Tạo giao dịch: JMAxAMgEr1... gửi 5 ETH tới Qt5shuPWGZ... ---
2025-07-14 20:57:31,642 - blockchain_core.blockchain - INFO - Giao dịch từ JMAxAMgEr1... đến Qt5shuPWGZ... với số tiền 5 đã được thêm vào pool. (Hiện có 2 giao dịch chờ xử lý)
2025-07-14 20:57:31,642 - __main__ - INFO - Giao dịch 'Bob gửi 5 cho Charlie' đã được thêm vào pool.
2025-07-14 20:57:31,642 - __main__ - INFO - --- Tạo giao dịch: Qt5shuPWGZ... gửi 2 ETH tới UdI2HuwxU9... ---
2025-07-14 20:57:31,647 - blockchain_core.blockchain - INFO - Giao dịch từ Qt5shuPWGZ... đến UdI2HuwxU9... với số tiền 2 đã được thêm vào pool. (Hiện có 3 giao dịch chờ xử lý)
2025-07-14 20:57:31,647 - __main__ - INFO - Giao dịch 'Charlie gửi 2 cho Alice' đã được thêm vào pool.
2025-07-14 20:57:31,647 - __main__ - INFO - --- Đào Block 1 ---
2025-07-14 20:57:31,647 - blockchain_core.block - INFO - Bắt đầu đào block #4 với độ khó 2 (prefix: '00')...
2025-07-14 20:57:31,663 - blockchain_core.block - INFO - Đã đào thành công block #4 với nonce 658, hash: 0072dceeb1...
2025-07-14 20:57:31,663 - blockchain_core.blockchain - INFO - Block mới #4 đã được đào bởi dca39d3a60... với hash: 0072dceeb1... Chứa 3 giao dịch.
2025-07-14 20:57:31,663 - __main__ - INFO - --- Đào Block 2 ---
2025-07-14 20:57:31,663 - blockchain_core.blockchain - INFO - Không có giao dịch nào đang chờ xử lý để đào.
2025-07-14 20:57:31,663 - __main__ - INFO - --- Hiển thị số dư hiện tại ---
2025-07-14 20:57:31,663 - __main__ - INFO - Số dư của Alice (UdI2HuwxU9...): 92 ETH
2025-07-14 20:57:31,663 - __main__ - INFO - Số dư của Bob (JMAxAMgEr1...): 5 ETH
2025-07-14 20:57:31,663 - __main__ - INFO - Số dư của Charlie (Qt5shuPWGZ...): 3 ETH
2025-07-14 20:57:31,663 - __main__ - INFO - --- Kiểm tra tính hợp lệ của Blockchain ---
2025-07-14 20:57:31,664 - blockchain_core.blockchain - INFO - Bắt đầu kiểm tra tính hợp lệ của chuỗi...
2025-07-14 20:57:31,687 - blockchain_core.blockchain - INFO - Kiểm tra chuỗi thành công: Blockchain hợp lệ.
2025-07-14 20:57:31,687 - __main__ - INFO - Blockchain hợp lệ!
2025-07-14 20:57:31,688 - blockchain_core.blockchain - INFO - Blockchain đã lưu vào 'my_blockchain.json'.
2025-07-14 20:57:31,688 - __main__ - INFO - --- Mô phỏng Smart Contract ---
2025-07-14 20:57:31,688 - __main__ - INFO - --- Alice triển khai Smart Contract ---
2025-07-14 20:57:31,689 - blockchain_core.smartContract - INFO - Smart Contract được tạo: từ UdI2HuwxU9... đến JMAxAMgEr1... Amount: 5, Deadline: Mon Jul 14 20:57:36 2025
2025-07-14 20:57:31,689 - __main__ - INFO - Alice đã tạo hợp đồng chuyển 5 ETH cho Bob với hạn chót Mon Jul 14 20:57:36 2025.
2025-07-14 20:57:31,689 - __main__ - INFO - --- Thực thi hợp đồng trước hạn chót ---
2025-07-14 20:57:33,689 - blockchain_core.smartContract - INFO - Thực thi hợp đồng: 5 ETH chuyển từ UdI2HuwxU9... sang JMAxAMgEr1...
2025-07-14 20:57:33,690 - __main__ - INFO - --- Thực thi hợp đồng sau hạn chót ---
2025-07-14 20:57:37,691 - blockchain_core.smartContract - INFO - Hợp đồng đã thực hiện rồi. Không thể thực hiện lại.
2025-07-14 20:57:37,691 - __main__ - INFO - --- Cố gắng thực thi lại hợp đồng ---
2025-07-14 20:57:37,692 - blockchain_core.smartContract - INFO - Hợp đồng đã thực hiện rồi. Không thể thực hiện lại.
2025-07-14 20:57:37,692 - __main__ - INFO - --- Tải lại Blockchain từ file và kiểm tra ---
2025-07-14 20:57:37,692 - blockchain_core.block - INFO - Bắt đầu đào block #0 với độ khó 2 (prefix: '00')...
2025-07-14 20:57:37,693 - blockchain_core.block - INFO - Đã đào thành công block #0 với nonce 32, hash: 0019d508ed...
2025-07-14 20:57:37,693 - blockchain_core.blockchain - INFO - Genesis Block được tạo: 0019d508ed...
2025-07-14 20:57:37,693 - blockchain_core.blockchain - INFO - Blockchain mới được khởi tạo với độ khó: 2. Genesis Block đã được tạo.
2025-07-14 20:57:37,712 - blockchain_core.block - INFO - Bắt đầu đào block #0 với độ khó 2 (prefix: '00')...
2025-07-14 20:57:37,713 - blockchain_core.block - INFO - Đã đào thành công block #0 với nonce 5, hash: 009d94344a...
2025-07-14 20:57:37,713 - blockchain_core.block - INFO - Bắt đầu đào block #1 với độ khó 2 (prefix: '00')...
2025-07-14 20:57:37,713 - blockchain_core.block - INFO - Đã đào thành công block #1 với nonce 191, hash: 00569bcabb...
2025-07-14 20:57:37,713 - blockchain_core.block - INFO - Bắt đầu đào block #2 với độ khó 2 (prefix: '00')...
2025-07-14 20:57:37,713 - blockchain_core.block - INFO - Đã đào thành công block #2 với nonce 645, hash: 004006bb87...
2025-07-14 20:57:37,714 - blockchain_core.block - INFO - Bắt đầu đào block #3 với độ khó 2 (prefix: '00')...
2025-07-14 20:57:37,714 - blockchain_core.block - INFO - Đã đào thành công block #3 với nonce 525, hash: 00c6bff602...
2025-07-14 20:57:37,714 - blockchain_core.block - INFO - Bắt đầu đào block #4 với độ khó 2 (prefix: '00')...
2025-07-14 20:57:37,714 - blockchain_core.block - INFO - Đã đào thành công block #4 với nonce 658, hash: 0072dceeb1...
2025-07-14 20:57:37,714 - blockchain_core.blockchain - INFO - Đã tải blockchain từ 'my_blockchain.json' và kiểm tra thành công.
2025-07-14 20:57:37,714 - blockchain_core.blockchain - INFO - Bắt đầu kiểm tra tính hợp lệ của chuỗi...
2025-07-14 20:57:37,742 - blockchain_core.blockchain - INFO - Kiểm tra chuỗi thành công: Blockchain hợp lệ.
2025-07-14 20:57:37,742 - __main__ - INFO - Kiểm tra tính hợp lệ của chuỗi đã tải:
2025-07-14 20:57:37,743 - blockchain_core.blockchain - INFO - Bắt đầu kiểm tra tính hợp lệ của chuỗi...
2025-07-14 20:57:37,766 - blockchain_core.blockchain - INFO - Kiểm tra chuỗi thành công: Blockchain hợp lệ.
2025-07-14 20:57:37,766 - __main__ - INFO - Blockchain đã tải hợp lệ!
2025-07-14 20:57:37,767 - __main__ - INFO - --- Số dư với Blockchain đã tải ---
2025-07-14 20:57:37,767 - __main__ - INFO - Số dư của Alice: 92 ETH
2025-07-14 20:57:37,767 - __main__ - INFO - Số dư của Bob: 5 ETH
2025-07-14 20:57:46,951 - __main__ - INFO - Hệ thống Blockchain Bank đã khởi động.
2025-07-14 20:57:46,951 - __main__ - INFO - Đảm bảo thư mục ví 'wallets' tồn tại.
2025-07-14 20:57:46,951 - blockchain_core.block - INFO - Bắt đầu đào block #0 với độ khó 2 (prefix: '00')...
2025-07-14 20:57:46,952 - blockchain_core.block - INFO - Đã đào thành công block #0 với nonce 45, hash: 0070f8ec4f...
2025-07-14 20:57:46,952 - blockchain_core.blockchain - INFO - Genesis Block được tạo: 0070f8ec4f...
2025-07-14 20:57:46,952 - blockchain_core.blockchain - INFO - Blockchain mới được khởi tạo với độ khó: 2. Genesis Block đã được tạo.
2025-07-14 20:57:46,952 - __main__ - INFO - Đang cố gắng tải blockchain từ 'my_blockchain.json'.
2025-07-14 20:57:46,954 - blockchain_core.block - INFO - Bắt đầu đào block #0 với độ khó 2 (prefix: '00')...
2025-07-14 20:57:46,954 - blockchain_core.block - INFO - Đã đào thành công block #0 với nonce 5, hash: 009d94344a...
2025-07-14 20:57:46,954 - blockchain_core.block - INFO - Bắt đầu đào block #1 với độ khó 2 (prefix: '00')...
2025-07-14 20:57:46,954 - blockchain_core.block - INFO - Đã đào thành công block #1 với nonce 191, hash: 00569bcabb...
2025-07-14 20:57:46,954 - blockchain_core.block - INFO - Bắt đầu đào block #2 với độ khó 2 (prefix: '00')...
2025-07-14 20:57:46,955 - blockchain_core.block - INFO - Đã đào thành công block #2 với nonce 645, hash: 004006bb87...
2025-07-14 20:57:46,955 - blockchain_core.block - INFO - Bắt đầu đào block #3 với độ khó 2 (prefix: '00')...
2025-07-14 20:57:46,955 - blockchain_core.block - INFO - Đã đào thành công block #3 với nonce 525, hash: 00c6bff602...
2025-07-14 20:57:46,955 - blockchain_core.block - INFO - Bắt đầu đào block #4 với độ khó 2 (prefix: '00')...
2025-07-14 20:57:46,955 - blockchain_core.block - INFO - Đã đào thành công block #4 với nonce 658, hash: 0072dceeb1...
2025-07-14 20:57:46,955 - blockchain_core.blockchain - INFO - Đã tải blockchain từ 'my_blockchain.json' và kiểm tra thành công.
2025-07-14 20:57:46,955 - blockchain_core.blockchain - INFO - Bắt đầu kiểm tra tính hợp lệ của chuỗi...
2025-07-14 20:57:46,992 - blockchain_core.blockchain - INFO - Kiểm tra chuỗi thành công: Blockchain hợp lệ.
2025-07-14 20:57:46,992 - __main__ - INFO - Kiểm tra và tải hoặc tạo các ví mẫu.
2025-07-14 20:57:46,993 - blockchain_core.wallet - INFO - Ví đã được tải từ 'wallets\alice_wallet.json'.
2025-07-14 20:57:46,993 - __main__ - INFO - Đã tải ví Alice từ 'wallets\alice_wallet.json'.
2025-07-14 20:57:46,995 - blockchain_core.wallet - INFO - Ví đã được tải từ 'wallets\bob_wallet.json'.
2025-07-14 20:57:46,995 - __main__ - INFO - Đã tải ví Bob từ 'wallets\bob_wallet.json'.
2025-07-14 20:57:46,996 - blockchain_core.wallet - INFO - Ví đã được tải từ 'wallets\charlie_wallet.json'.
2025-07-14 20:57:46,997 - __main__ - INFO - Đã tải ví Charlie từ 'wallets\charlie_wallet.json'.
2025-07-14 20:57:46,997 - blockchain_core.smartContract - INFO - Thông tin ví Alice: Địa chỉ RIPEMD160: dca39d3a60...
2025-07-14 20:57:46,997 - blockchain_core.smartContract - INFO - Thông tin ví Bob: Địa chỉ RIPEMD160: ca7c7ed5b3...
2025-07-14 20:57:46,997 - blockchain_core.smartContract - INFO - Thông tin ví Charlie: Địa chỉ RIPEMD160: dae7fbca05...
2025-07-14 20:57:46,997 - __main__ - INFO - --- Khởi tạo số dư ban đầu cho Alice (Giả lập) ---
2025-07-14 20:57:46,997 - __main__ - INFO - Đã thêm giao dịch cấp 100 ETH cho Alice (giả lập) vào pool.
2025-07-14 20:57:46,997 - __main__ - INFO - --- Đào Block đầu tiên để xác nhận giao dịch cấp tiền ---
2025-07-14 20:57:46,998 - blockchain_core.block - INFO - Bắt đầu đào block #5 với độ khó 2 (prefix: '00')...
2025-07-14 20:57:47,000 - blockchain_core.block - INFO - Đã đào thành công block #5 với nonce 169, hash: 002d405c17...
2025-07-14 20:57:47,000 - blockchain_core.blockchain - INFO - Block mới #5 đã được đào bởi Miner_A_Ad... với hash: 002d405c17... Chứa 1 giao dịch.
2025-07-14 20:57:47,000 - __main__ - INFO - --- Hiển thị số dư hiện tại ---
2025-07-14 20:57:47,000 - __main__ - INFO - Số dư của Alice (UdI2HuwxU9...): 192 ETH
2025-07-14 20:57:47,001 - __main__ - INFO - Số dư của Bob (JMAxAMgEr1...): 5 ETH
2025-07-14 20:57:47,001 - __main__ - INFO - Số dư của Charlie (Qt5shuPWGZ...): 3 ETH
2025-07-14 20:57:47,001 - __main__ - INFO - --- Tạo giao dịch: UdI2HuwxU9... gửi 10 ETH tới JMAxAMgEr1... ---
2025-07-14 20:57:47,006 - blockchain_core.blockchain - INFO - Giao dịch từ UdI2HuwxU9... đến JMAxAMgEr1... với số tiền 10 đã được thêm vào pool. (Hiện có 1 giao dịch chờ xử lý)
2025-07-14 20:57:47,006 - __main__ - INFO - Giao dịch 'Alice gửi 10 cho Bob' đã được thêm vào pool.
2025-07-14 20:57:47,006 - __main__ - INFO - --- Tạo giao dịch: JMAxAMgEr1... gửi 5 ETH tới Qt5shuPWGZ... ---
2025-07-14 20:57:47,011 - blockchain_core.blockchain - INFO - Giao dịch từ JMAxAMgEr1... đến Qt5shuPWGZ... với số tiền 5 đã được thêm vào pool. (Hiện có 2 giao dịch chờ xử lý)
2025-07-14 20:57:47,011 - __main__ - INFO - Giao dịch 'Bob gửi 5 cho Charlie' đã được thêm vào pool.
2025-07-14 20:57:47,011 - __main__ - INFO - --- Tạo giao dịch: Qt5shuPWGZ... gửi 2 ETH tới UdI2HuwxU9... ---
2025-07-14 20:57:47,016 - blockchain_core.blockchain - INFO - Giao dịch từ Qt5shuPWGZ... đến UdI2HuwxU9... với số tiền 2 đã được thêm vào pool. (Hiện có 3 giao dịch chờ xử lý)
2025-07-14 20:57:47,016 - __main__ - INFO - Giao dịch 'Charlie gửi 2 cho Alice' đã được thêm vào pool.
2025-07-14 20:57:47,016 - __main__ - INFO - --- Đào Block 1 ---
2025-07-14 20:57:47,016 - blockchain_core.block - INFO - Bắt đầu đào block #6 với độ khó 2 (prefix: '00')...
2025-07-14 20:57:47,020 - blockchain_core.block - INFO - Đã đào thành công block #6 với nonce 152, hash: 00e4910910...
2025-07-14 20:57:47,020 - blockchain_core.blockchain - INFO - Block mới #6 đã được đào bởi dca39d3a60... với hash: 00e4910910... Chứa 3 giao dịch.
2025-07-14 20:57:47,020 - __main__ - INFO - --- Đào Block 2 ---
2025-07-14 20:57:47,020 - blockchain_core.blockchain - INFO - Không có giao dịch nào đang chờ xử lý để đào.
2025-07-14 20:57:47,021 - __main__ - INFO - --- Hiển thị số dư hiện tại ---
2025-07-14 20:57:47,021 - __main__ - INFO - Số dư của Alice (UdI2HuwxU9...): 184 ETH
2025-07-14 20:57:47,021 - __main__ - INFO - Số dư của Bob (JMAxAMgEr1...): 10 ETH
2025-07-14 20:57:47,021 - __main__ - INFO - Số dư của Charlie (Qt5shuPWGZ...): 6 ETH
2025-07-14 20:57:47,021 - __main__ - INFO - --- Kiểm tra tính hợp lệ của Blockchain ---
2025-07-14 20:57:47,021 - blockchain_core.blockchain - INFO - Bắt đầu kiểm tra tính hợp lệ của chuỗi...
2025-07-14 20:57:47,055 - blockchain_core.blockchain - INFO - Kiểm tra chuỗi thành công: Blockchain hợp lệ.
2025-07-14 20:57:47,056 - __main__ - INFO - Blockchain hợp lệ!
2025-07-14 20:57:47,057 - blockchain_core.blockchain - INFO - Blockchain đã lưu vào 'my_blockchain.json'.
2025-07-14 20:57:47,057 - __main__ - INFO - --- Mô phỏng Smart Contract ---
2025-07-14 20:57:47,058 - __main__ - INFO - --- Alice triển khai Smart Contract ---
2025-07-14 20:57:47,058 - blockchain_core.smartContract - INFO - Smart Contract được tạo: từ UdI2HuwxU9... đến JMAxAMgEr1... Amount: 5, Deadline: Mon Jul 14 20:57:52 2025
2025-07-14 20:57:47,058 - __main__ - INFO - Alice đã tạo hợp đồng chuyển 5 ETH cho Bob với hạn chót Mon Jul 14 20:57:52 2025.
2025-07-14 20:57:47,058 - __main__ - INFO - --- Thực thi hợp đồng trước hạn chót ---
2025-07-14 20:57:49,059 - blockchain_core.smartContract - INFO - Thực thi hợp đồng: 5 ETH chuyển từ UdI2HuwxU9... sang JMAxAMgEr1...
2025-07-14 20:57:49,059 - __main__ - INFO - --- Thực thi hợp đồng sau hạn chót ---
2025-07-14 20:57:53,060 - blockchain_core.smartContract - INFO - Hợp đồng đã thực hiện rồi. Không thể thực hiện lại.
2025-07-14 20:57:53,060 - __main__ - INFO - --- Cố gắng thực thi lại hợp đồng ---
2025-07-14 20:57:53,060 - blockchain_core.smartContract - INFO - Hợp đồng đã thực hiện rồi. Không thể thực hiện lại.
2025-07-14 20:57:53,061 - __main__ - INFO - --- Tải lại Blockchain từ file và kiểm tra ---
2025-07-14 20:57:53,061 - blockchain_core.block - INFO - Bắt đầu đào block #0 với độ khó 2 (prefix: '00')...
2025-07-14 20:57:53,072 - blockchain_core.block - INFO - Đã đào thành công block #0 với nonce 678, hash: 00ded00153...
2025-07-14 20:57:53,072 - blockchain_core.blockchain - INFO - Genesis Block được tạo: 00ded00153...
2025-07-14 20:57:53,072 - blockchain_core.blockchain - INFO - Blockchain mới được khởi tạo với độ khó: 2. Genesis Block đã được tạo.
2025-07-14 20:57:53,093 - blockchain_core.block - INFO - Bắt đầu đào block #0 với độ khó 2 (prefix: '00')...
2025-07-14 20:57:53,093 - blockchain_core.block - INFO - Đã đào thành công block #0 với nonce 5, hash: 009d94344a...
2025-07-14 20:57:53,093 - blockchain_core.block - INFO - Bắt đầu đào block #1 với độ khó 2 (prefix: '00')...
2025-07-14 20:57:53,093 - blockchain_core.block - INFO - Đã đào thành công block #1 với nonce 191, hash: 00569bcabb...
2025-07-14 20:57:53,094 - blockchain_core.block - INFO - Bắt đầu đào block #2 với độ khó 2 (prefix: '00')...
2025-07-14 20:57:53,094 - blockchain_core.block - INFO - Đã đào thành công block #2 với nonce 645, hash: 004006bb87...
2025-07-14 20:57:53,094 - blockchain_core.block - INFO - Bắt đầu đào block #3 với độ khó 2 (prefix: '00')...
2025-07-14 20:57:53,095 - blockchain_core.block - INFO - Đã đào thành công block #3 với nonce 525, hash: 00c6bff602...
2025-07-14 20:57:53,095 - blockchain_core.block - INFO - Bắt đầu đào block #4 với độ khó 2 (prefix: '00')...
2025-07-14 20:57:53,095 - blockchain_core.block - INFO - Đã đào thành công block #4 với nonce 658, hash: 0072dceeb1...
2025-07-14 20:57:53,095 - blockchain_core.block - INFO - Bắt đầu đào block #5 với độ khó 2 (prefix: '00')...
2025-07-14 20:57:53,096 - blockchain_core.block - INFO - Đã đào thành công block #5 với nonce 169, hash: 002d405c17...
2025-07-14 20:57:53,096 - blockchain_core.block - INFO - Bắt đầu đào block #6 với độ khó 2 (prefix: '00')...
2025-07-14 20:57:53,096 - blockchain_core.block - INFO - Đã đào thành công block #6 với nonce 152, hash: 00e4910910...
2025-07-14 20:57:53,097 - blockchain_core.blockchain - INFO - Đã tải blockchain từ 'my_blockchain.json' và kiểm tra thành công.
2025-07-14 20:57:53,097 - blockchain_core.blockchain - INFO - Bắt đầu kiểm tra tính hợp lệ của chuỗi...
2025-07-14 20:57:53,132 - blockchain_core.blockchain - INFO - Kiểm tra chuỗi thành công: Blockchain hợp lệ.
2025-07-14 20:57:53,132 - __main__ - INFO - Kiểm tra tính hợp lệ của chuỗi đã tải:
2025-07-14 20:57:53,132 - blockchain_core.blockchain - INFO - Bắt đầu kiểm tra tính hợp lệ của chuỗi...
2025-07-14 20:57:53,166 - blockchain_core.blockchain - INFO - Kiểm tra chuỗi thành công: Blockchain hợp lệ.
2025-07-14 20:57:53,167 - __main__ - INFO - Blockchain đã tải hợp lệ!
2025-07-14 20:57:53,167 - __main__ - INFO - --- Số dư với Blockchain đã tải ---
2025-07-14 20:57:53,167 - __main__ - INFO - Số dư của Alice: 184 ETH
2025-07-14 20:57:53,167 - __main__ - INFO - Số dư của Bob: 10 ETH
2025-07-14 20:57:53,167 - __main__ - INFO - Số dư của Charlie: 6 ETH
2025-07-14 20:57:53,167 - __main__ - INFO - Hệ thống Blockchain Bank đã kết thúc.
